<?xml version="1.0" encoding="UTF-8"?>
<!-- Generated by org.testng.reporters.JUnitReportReporter -->
<testsuite hostname="vThinks-Mini-5" failures="0" tests="1" name="runner.TestRunner" time="0.017" errors="0" timestamp="2020-07-23T20:39:00 IST" skipped="0">
  <testcase classname="runner.TestRunner" name="setup" time="0.017"/>
  <system-out/>
</testsuite> <!-- runner.TestRunner -->
